 mu     n          err
-5.00  -0.000011   0.000492
-4.95   0.000052   0.000477
-4.89   0.000053   0.000455
-4.83   0.000050   0.000463
-4.78   0.000050   0.000425
-4.72   0.000050   0.000476
-4.67   0.000019   0.000482
-4.62   0.000030   0.000444
-4.56   0.000022   0.000467
-4.50   0.000009   0.000491
-4.45   0.000033   0.000428
-4.39   0.000029   0.000454
-4.34   0.000035   0.000527
-4.29   0.000058   0.000372
-4.23   0.000056   0.000374
-4.17   0.000050   0.000534
-4.12   0.000084   0.000549
-4.06   0.000078   0.000537
-4.01   0.000084   0.000547
-3.96   0.004346   0.000550
-3.90   0.012388   0.000553
-3.84   0.020767   0.000553
-3.79   0.030511   0.000686
-3.74   0.045375   0.001202
-3.68   0.060643   0.000842
-3.62   0.075222   0.001171
-3.57   0.092136   0.001087
-3.51   0.107645   0.001292
-3.46   0.124441   0.001866
-3.41   0.141838   0.001660
-3.35   0.158854   0.001682
-3.29   0.180294   0.001613
-3.24   0.196974   0.001783
-3.19   0.215127   0.002235
-3.13   0.240168   0.002103
-3.08   0.259551   0.002102
-3.02   0.278647   0.002542
-2.96   0.305504   0.002692
-2.91   0.330431   0.003023
-2.85   0.358550   0.002695
-2.80   0.382704   0.003501
-2.75   0.423276   0.004742
-2.69   0.468916   0.006098
-2.63   0.508505   0.002847
-2.58   0.538560   0.002692
-2.52   0.575527   0.004177
-2.47   0.599535   0.002793
-2.42   0.627987   0.002572
-2.36   0.652250   0.002392
-2.31   0.672751   0.001762
-2.25   0.694730   0.002742
-2.19   0.711458   0.002818
-2.14   0.730862   0.002088
-2.08   0.748819   0.002282
-2.03   0.765885   0.002512
-1.98   0.783089   0.002162
-1.92   0.796915   0.001953
-1.87   0.815599   0.002144
-1.81   0.829355   0.001632
-1.75   0.842311   0.001655
-1.70   0.857178   0.001825
-1.65   0.869778   0.001592
-1.59   0.880731   0.001482
-1.54   0.894641   0.001786
-1.48   0.906358   0.001495
-1.42   0.917939   0.001364
-1.37   0.931496   0.001232
-1.31   0.940981   0.001208
-1.26   0.952006   0.001280
-1.21   0.962426   0.001189
-1.15   0.972874   0.001586
-1.10   0.982665   0.001032
-1.04   0.992787   0.001031
-0.99   0.999853   0.001033
-0.93   0.999847   0.001014
-0.88   0.999913   0.001031
-0.82   0.999854   0.001027
-0.76   0.999803   0.000993
-0.71   0.999746   0.000999
-0.66   0.999770   0.001022
-0.60   0.999889   0.001019
-0.54   0.999929   0.001026
-0.49   0.999982   0.000998
-0.43   0.999994   0.001020
-0.38   0.999877   0.000992
-0.33   0.999902   0.000994
-0.27   0.999875   0.001017
-0.21   0.999937   0.001021
-0.16   1.004039   0.001032
-0.11   1.010634   0.001025
-0.05   1.017107   0.001022
 0.00   1.023218   0.001013
 0.06   1.029716   0.001025
 0.12   1.036263   0.001033
 0.17   1.042885   0.001033
 0.22   1.049547   0.001019
 0.28   1.055993   0.001106
 0.33   1.063404   0.001061
 0.39   1.066130   0.001061
 0.45   1.076657   0.001134
 0.50   1.084189   0.001132
 0.55   1.090798   0.001277
 0.61   1.098124   0.001216
 0.67   1.104138   0.001281
 0.72   1.112509   0.001250
 0.78   1.120507   0.001300
 0.83   1.127245   0.001259
 0.88   1.135465   0.001331
 0.94   1.143670   0.001384
 1.00   1.150113   0.001353
 1.05   1.158151   0.001303
 1.11   1.166161   0.001274
 1.16   1.174430   0.001325
 1.21   1.182379   0.001450
 1.27   1.190502   0.001511
 1.33   1.199672   0.001428
 1.38   1.207888   0.001427
 1.43   1.217933   0.001541
 1.49   1.224912   0.001595
 1.54   1.233425   0.001484
 1.60   1.243415   0.001447
 1.66   1.253222   0.001594
 1.71   1.263272   0.001541
 1.76   1.273049   0.001596
 1.82   1.282840   0.001562
 1.88   1.291673   0.002181
 1.93   1.304109   0.002120
 1.99   1.313919   0.001638
 2.04   1.325378   0.001608
 2.09   1.338478   0.001742
 2.15   1.348509   0.002051
 2.21   1.362636   0.001580
 2.26   1.375161   0.001691
 2.32   1.388006   0.002049
 2.37   1.402155   0.001689
 2.42   1.418213   0.001838
 2.48   1.433785   0.001799
 2.54   1.451246   0.001896
 2.59   1.473995   0.001718
 2.64   1.498031   0.001926
 2.70   1.517346   0.002278
 2.75   1.535557   0.002150
 2.81   1.550422   0.001712
 2.87   1.567799   0.001907
 2.92   1.582513   0.001956
 2.97   1.596221   0.001756
 3.03   1.610948   0.001796
 3.09   1.626244   0.001985
 3.14   1.639789   0.001860
 3.20   1.652901   0.002099
 3.25   1.664738   0.001994
 3.30   1.678781   0.001994
 3.36   1.690930   0.001751
 3.41   1.702763   0.002015
 3.47   1.714537   0.001967
 3.53   1.727431   0.001872
 3.58   1.739070   0.002092
 3.63   1.752291   0.002086
 3.69   1.763280   0.001852
 3.74   1.775911   0.001915
 3.80   1.787927   0.002080
 3.86   1.798154   0.001870
 3.91   1.810927   0.001992
 3.96   1.822449   0.001936
 4.02   1.834797   0.001918
 4.07   1.846339   0.001982
 4.13   1.857025   0.001901
 4.19   1.869030   0.001862
 4.24   1.881506   0.001892
 4.29   1.892935   0.001821
 4.35   1.905014   0.001834
 4.40   1.917437   0.002065
 4.46   1.928700   0.001725
 4.52   1.940686   0.001950
 4.57   1.952446   0.001708
 4.62   1.964230   0.001610
 4.68   1.976442   0.001650
 4.73   1.988120   0.001690
 4.79   1.999517   0.001706
 4.85   1.999618   0.001695
 4.90   1.999626   0.001681
 4.96   1.999960   0.002012
 5.01   1.999944   0.002040
 5.06   1.999959   0.002043
 5.12   1.999972   0.002017
 5.18   2.000012   0.002004
 5.23   2.000151   0.002027
 5.29   2.000101   0.002038
 5.34   2.000094   0.002025
 5.39   2.000103   0.001935
 5.45   2.000120   0.001973
 5.51   2.000129   0.001977
 5.56   2.000127   0.001865
 5.62   2.000143   0.001929
 5.67   2.000119   0.001957
 5.72   2.000112   0.001883
 5.78   2.000100   0.001969
 5.84   2.000090   0.001938
 5.89   2.000210   0.001871
 5.95   2.000200   0.001934
 6.00   2.000210   0.001998
