 w      dos          err
-3.00   0.003772   0.000000
-2.98   0.003876   0.000000
-2.97   0.003985   0.000000
-2.95   0.004099   0.000000
-2.94   0.004220   0.000000
-2.92   0.004347   0.000000
-2.91   0.004481   0.000000
-2.89   0.004623   0.000000
-2.88   0.004773   0.000000
-2.86   0.004932   0.000000
-2.85   0.005101   0.000000
-2.83   0.005281   0.000000
-2.82   0.005473   0.000000
-2.80   0.005679   0.000000
-2.79   0.005899   0.000000
-2.77   0.006135   0.000000
-2.76   0.006389   0.000000
-2.74   0.006664   0.000000
-2.73   0.006962   0.000000
-2.71   0.007285   0.000000
-2.70   0.007638   0.000000
-2.68   0.008025   0.000000
-2.67   0.008450   0.000000
-2.65   0.008919   0.000000
-2.64   0.009441   0.000000
-2.62   0.010024   0.000000
-2.61   0.010680   0.000000
-2.59   0.011423   0.000000
-2.58   0.012272   0.000000
-2.56   0.013252   0.000000
-2.55   0.014395   0.000000
-2.53   0.015746   0.000000
-2.52   0.017368   0.000000
-2.50   0.019350   0.000000
-2.49   0.021829   0.000000
-2.47   0.025016   0.000000
-2.46   0.029268   0.000000
-2.44   0.035222   0.000000
-2.43   0.044142   0.000000
-2.41   0.058939   0.000000
-2.40   0.087953   0.000000
-2.38   0.165522   0.000000
-2.37   0.447952   0.000000
-2.35   0.685358   0.000014
-2.34   0.748445   0.000068
-2.32   0.772891   0.000073
-2.31   0.785354   0.000076
-2.29   0.792742   0.000079
-2.28   0.797533   0.000075
-2.26   0.800874   0.000078
-2.25   0.803359   0.000077
-2.23   0.805291   0.000079
-2.22   0.806879   0.000080
-2.20   0.808254   0.000080
-2.19   0.809475   0.000080
-2.17   0.810679   0.000079
-2.16   0.811802   0.000080
-2.14   0.812931   0.000080
-2.13   0.814079   0.000081
-2.11   0.815264   0.000081
-2.10   0.816530   0.000081
-2.08   0.817848   0.000080
-2.07   0.819235   0.000081
-2.05   0.820741   0.000081
-2.04   0.822337   0.000082
-2.02   0.824024   0.000081
-2.01   0.825840   0.000082
-1.99   0.827785   0.000082
-1.98   0.829860   0.000082
-1.96   0.832118   0.000083
-1.95   0.834524   0.000083
-1.93   0.837096   0.000083
-1.92   0.839898   0.000083
-1.90   0.842905   0.000084
-1.89   0.846170   0.000084
-1.87   0.849716   0.000085
-1.86   0.853610   0.000085
-1.84   0.857923   0.000085
-1.83   0.862752   0.000086
-1.81   0.868082   0.000086
-1.80   0.874387   0.000087
-1.78   0.881657   0.000088
-1.77   0.890427   0.000089
-1.75   0.901453   0.000090
-1.74   0.916111   0.000091
-1.72   0.937358   0.000093
-1.71   0.971652   0.000097
-1.69   1.009094   0.000101
-1.68   0.930158   0.000093
-1.66   0.851359   0.000085
-1.65   0.796967   0.000080
-1.63   0.757714   0.000076
-1.62   0.730817   0.000073
-1.60   0.721430   0.000072
-1.59   0.767445   0.000077
-1.57   0.879594   0.000088
-1.56   0.919348   0.000092
-1.54   0.938497   0.000094
-1.53   0.953300   0.000095
-1.51   0.967484   0.000096
-1.50   0.982465   0.000098
-1.48   0.999174   0.000100
-1.47   1.018468   0.000101
-1.45   1.041447   0.000104
-1.44   1.069299   0.000106
-1.42   1.102083   0.000109
-1.41   1.126127   0.000112
-1.39   1.013561   0.000101
-1.38   0.853579   0.000085
-1.36   0.867551   0.000086
-1.35   0.957433   0.000095
-1.33   1.162475   0.000114
-1.32   1.550545   0.000155
-1.30   1.377441   0.000136
-1.29   1.181141   0.000118
-1.27   1.050042   0.000105
-1.26   0.987594   0.000098
-1.24   0.973324   0.000097
-1.23   0.983504   0.000098
-1.21   1.000337   0.000100
-1.20   1.019872   0.000102
-1.18   1.041090   0.000104
-1.17   1.063903   0.000106
-1.15   1.088463   0.000109
-1.14   1.115401   0.000111
-1.12   1.145029   0.000114
-1.11   1.178269   0.000118
-1.09   1.216326   0.000122
-1.08   1.261126   0.000126
-1.06   1.315456   0.000131
-1.05   1.384619   0.000138
-1.03   1.478897   0.000148
-1.02   1.620254   0.000162
-1.00   1.768441   0.000177
-0.98   1.614571   0.000161
-0.97   1.468080   0.000147
-0.95   1.369149   0.000137
-0.94   1.295841   0.000129
-0.92   1.237622   0.000124
-0.91   1.189315   0.000119
-0.89   1.147985   0.000115
-0.88   1.111835   0.000111
-0.86   1.079625   0.000108
-0.85   1.050677   0.000105
-0.83   1.024238   0.000102
-0.82   0.999935   0.000100
-0.80   0.977462   0.000098
-0.79   0.956515   0.000095
-0.77   0.936888   0.000093
-0.76   0.918434   0.000092
-0.74   0.900976   0.000090
-0.73   0.884455   0.000088
-0.71   0.868700   0.000087
-0.70   0.853765   0.000085
-0.68   0.839433   0.000084
-0.67   0.825708   0.000082
-0.65   0.812511   0.000081
-0.64   0.799790   0.000080
-0.62   0.787557   0.000079
-0.61   0.775716   0.000077
-0.59   0.764289   0.000076
-0.58   0.753189   0.000075
-0.56   0.742425   0.000074
-0.55   0.731932   0.000073
-0.53   0.721755   0.000072
-0.52   0.711796   0.000071
-0.50   0.702071   0.000070
-0.49   0.692556   0.000069
-0.47   0.683215   0.000068
-0.46   0.674081   0.000067
-0.44   0.665058   0.000066
-0.43   0.656157   0.000065
-0.41   0.647332   0.000065
-0.40   0.638550   0.000064
-0.38   0.629739   0.000063
-0.37   0.620852   0.000062
-0.35   0.611722   0.000061
-0.34   0.602097   0.000060
-0.32   0.591529   0.000059
-0.31   0.578763   0.000057
-0.29   0.560055   0.000056
-0.28   0.517717   0.000051
-0.26   0.403726   0.000040
-0.25   0.348856   0.000035
-0.23   0.334293   0.000033
-0.22   0.329186   0.000033
-0.20   0.327535   0.000032
-0.19   0.327589   0.000033
-0.17   0.328693   0.000032
-0.16   0.330551   0.000033
-0.14   0.333036   0.000033
-0.13   0.336110   0.000033
-0.11   0.339789   0.000034
-0.10   0.344138   0.000034
-0.08   0.349253   0.000035
-0.07   0.355383   0.000036
-0.05   0.362740   0.000036
-0.04   0.371764   0.000037
-0.02   0.383140   0.000038
-0.01   0.398002   0.000039
 0.01   0.418441   0.000041
 0.02   0.448723   0.000044
 0.04   0.498030   0.000050
 0.05   0.547141   0.000054
 0.07   0.453752   0.000045
 0.08   0.374312   0.000037
 0.10   0.324075   0.000032
 0.11   0.288902   0.000028
 0.13   0.262284   0.000026
 0.14   0.241022   0.000024
 0.16   0.223392   0.000022
 0.17   0.208387   0.000020
 0.19   0.195405   0.000019
 0.20   0.184080   0.000018
 0.22   0.174188   0.000017
 0.23   0.165615   0.000016
 0.25   0.158268   0.000016
 0.26   0.152196   0.000015
 0.28   0.147471   0.000015
 0.29   0.144248   0.000014
 0.31   0.142807   0.000014
 0.32   0.143433   0.000014
 0.34   0.145217   0.000013
 0.35   0.138540   0.000013
 0.37   0.166517   0.000016
 0.38   0.343539   0.000034
 0.40   0.778114   0.000076
 0.41   0.935390   0.000091
 0.43   1.003353   0.000098
 0.44   1.069311   0.000106
 0.46   1.154098   0.000115
 0.47   1.275874   0.000127
 0.49   1.465784   0.000147
 0.50   1.572342   0.000156
 0.52   1.351791   0.000134
 0.53   1.176589   0.000117
 0.55   1.043318   0.000104
 0.56   0.931070   0.000092
 0.58   0.828474   0.000082
 0.59   0.731786   0.000072
 0.61   0.647101   0.000064
 0.62   0.582314   0.000057
 0.64   0.537057   0.000053
 0.65   0.505898   0.000050
 0.67   0.483014   0.000048
 0.68   0.459963   0.000046
 0.70   0.431243   0.000043
 0.71   0.423377   0.000042
 0.73   0.423248   0.000042
 0.74   0.425717   0.000043
 0.76   0.429485   0.000043
 0.77   0.434179   0.000043
 0.79   0.439646   0.000044
 0.80   0.445830   0.000044
 0.82   0.452774   0.000045
 0.83   0.460529   0.000046
 0.85   0.469215   0.000047
 0.86   0.479044   0.000048
 0.88   0.490287   0.000049
 0.89   0.503416   0.000050
 0.91   0.519174   0.000052
 0.92   0.538943   0.000054
 0.94   0.565313   0.000056
 0.95   0.604104   0.000060
 0.97   0.639222   0.000064
 0.98   0.604945   0.000060
 1.00   0.575965   0.000057
 1.02   0.556651   0.000056
 1.03   0.542419   0.000054
 1.05   0.531178   0.000053
 1.06   0.521838   0.000052
 1.08   0.513770   0.000051
 1.09   0.506773   0.000051
 1.11   0.500419   0.000050
 1.12   0.494702   0.000049
 1.14   0.489367   0.000049
 1.15   0.484507   0.000048
 1.17   0.479923   0.000048
 1.18   0.475564   0.000048
 1.20   0.471503   0.000047
 1.21   0.467609   0.000047
 1.23   0.463892   0.000046
 1.24   0.460325   0.000046
 1.26   0.456912   0.000046
 1.27   0.453627   0.000045
 1.29   0.450451   0.000045
 1.30   0.447353   0.000045
 1.32   0.444382   0.000044
 1.33   0.441507   0.000044
 1.35   0.438688   0.000044
 1.36   0.435962   0.000044
 1.38   0.433296   0.000043
 1.39   0.430708   0.000043
 1.41   0.428175   0.000043
 1.42   0.425682   0.000043
 1.44   0.423281   0.000042
 1.45   0.420907   0.000042
 1.47   0.418601   0.000042
 1.48   0.416319   0.000042
 1.50   0.414082   0.000041
 1.51   0.411902   0.000041
 1.53   0.409762   0.000041
 1.54   0.407587   0.000041
 1.56   0.405574   0.000041
 1.57   0.403506   0.000040
 1.59   0.401548   0.000040
 1.60   0.399435   0.000040
 1.62   0.397638   0.000040
 1.63   0.395741   0.000040
 1.65   0.393830   0.000039
 1.66   0.392018   0.000039
 1.68   0.390115   0.000039
 1.69   0.388390   0.000039
 1.71   0.386619   0.000039
 1.72   0.384869   0.000038
 1.74   0.383151   0.000038
 1.75   0.381443   0.000038
 1.77   0.379771   0.000038
 1.78   0.378113   0.000038
 1.80   0.376473   0.000038
 1.81   0.374862   0.000037
 1.83   0.373259   0.000037
 1.84   0.371685   0.000037
 1.86   0.370118   0.000037
 1.87   0.368573   0.000037
 1.89   0.367068   0.000037
 1.90   0.365557   0.000037
 1.92   0.364071   0.000036
 1.93   0.362596   0.000036
 1.95   0.361136   0.000036
 1.96   0.359694   0.000036
 1.98   0.358277   0.000036
 1.99   0.356867   0.000036
 2.01   0.355460   0.000035
 2.02   0.354083   0.000035
 2.04   0.352706   0.000035
 2.05   0.351364   0.000035
 2.07   0.350009   0.000035
 2.08   0.348682   0.000035
 2.10   0.347359   0.000035
 2.11   0.346055   0.000035
 2.13   0.344754   0.000034
 2.14   0.343454   0.000034
 2.16   0.342211   0.000034
 2.17   0.340949   0.000034
 2.19   0.339708   0.000034
 2.20   0.338467   0.000034
 2.22   0.337232   0.000034
 2.23   0.336016   0.000034
 2.25   0.334805   0.000033
 2.26   0.333613   0.000033
 2.28   0.332406   0.000033
 2.29   0.331238   0.000033
 2.31   0.330065   0.000033
 2.32   0.328895   0.000033
 2.34   0.327742   0.000033
 2.35   0.326598   0.000033
 2.37   0.325448   0.000033
 2.38   0.324317   0.000032
 2.40   0.323175   0.000032
 2.41   0.322080   0.000032
 2.43   0.320970   0.000032
 2.44   0.319832   0.000032
 2.46   0.318753   0.000032
 2.47   0.317612   0.000032
 2.49   0.316524   0.000032
 2.50   0.315386   0.000032
 2.52   0.314229   0.000031
 2.53   0.312988   0.000031
 2.55   0.311576   0.000031
 2.56   0.309715   0.000031
 2.58   0.306095   0.000031
 2.59   0.294008   0.000029
 2.61   0.284409   0.000028
 2.62   0.290148   0.000029
 2.64   0.302888   0.000030
 2.65   0.309525   0.000031
 2.67   0.305476   0.000031
 2.68   0.302652   0.000030
 2.70   0.300633   0.000030
 2.71   0.299018   0.000030
 2.73   0.297627   0.000030
 2.74   0.296438   0.000030
 2.76   0.295463   0.000030
 2.77   0.294782   0.000029
 2.79   0.294646   0.000029
 2.80   0.295487   0.000030
 2.82   0.298416   0.000030
 2.83   0.306413   0.000031
 2.85   0.330131   0.000033
 2.86   0.423102   0.000042
 2.88   0.538203   0.000053
 2.89   0.265833   0.000026
 2.91   0.246330   0.000024
 2.92   0.335575   0.000033
 2.94   0.554801   0.000054
 2.95   0.542513   0.000054
 2.97   0.419565   0.000042
 2.98   0.372447   0.000037
 3.00   0.349005   0.000035
